Traceback (most recent call last):
  File "/opt/hostedtoolcache/Python/3.10.10/x64/lib/python3.10/site-packages/jupyter_cache/executors/utils.py", line 58, in single_nb_execution
    executenb(
  File "/opt/hostedtoolcache/Python/3.10.10/x64/lib/python3.10/site-packages/nbclient/client.py", line 1204, in execute
    return NotebookClient(nb=nb, resources=resources, km=km, **kwargs).execute()
  File "/opt/hostedtoolcache/Python/3.10.10/x64/lib/python3.10/site-packages/nbclient/util.py", line 84, in wrapped
    return just_run(coro(*args, **kwargs))
  File "/opt/hostedtoolcache/Python/3.10.10/x64/lib/python3.10/site-packages/nbclient/util.py", line 62, in just_run
    return loop.run_until_complete(coro)
  File "/opt/hostedtoolcache/Python/3.10.10/x64/lib/python3.10/asyncio/base_events.py", line 649, in run_until_complete
    return future.result()
  File "/opt/hostedtoolcache/Python/3.10.10/x64/lib/python3.10/site-packages/nbclient/client.py", line 663, in async_execute
    await self.async_execute_cell(
  File "/opt/hostedtoolcache/Python/3.10.10/x64/lib/python3.10/site-packages/nbclient/client.py", line 965, in async_execute_cell
    await self._check_raise_for_error(cell, cell_index, exec_reply)
  File "/opt/hostedtoolcache/Python/3.10.10/x64/lib/python3.10/site-packages/nbclient/client.py", line 862, in _check_raise_for_error
    raise CellExecutionError.from_cell_and_msg(cell, exec_reply_content)
nbclient.exceptions.CellExecutionError: An error occurred while executing the following cell:
------------------
salary = 50000
rates = [0.1, 0.12, 0.22, 0.24, 0.32, 0.35, 0.37]
brackets = [9875, 40125, 85525, 163300, 207350, 518400]
def calculate_tax(salary):
 tax = 0
 for i in range(len(brackets)):
   if salary > brackets[i]:
     tax += (brackets[i] - (brackets[i-1] if i>0 else 0)) * rates[i]
   else:
     tax += (salary - (brackets[i-1] if i>0 else 0)) * rates[i]
   break
 return tax
output = "Your income tax is: " + calculate_tax(salary)

output
------------------

[0;31m---------------------------------------------------------------------------[0m
[0;31mTypeError[0m                                 Traceback (most recent call last)
Cell [0;32mIn[5], line 13[0m
[1;32m     11[0m    [38;5;28;01mbreak[39;00m
[1;32m     12[0m  [38;5;28;01mreturn[39;00m tax
[0;32m---> 13[0m output [38;5;241m=[39m [38;5;124;43m"[39;49m[38;5;124;43mYour income tax is: [39;49m[38;5;124;43m"[39;49m[43m [49m[38;5;241;43m+[39;49m[43m [49m[43mcalculate_tax[49m[43m([49m[43msalary[49m[43m)[49m
[1;32m     15[0m output

[0;31mTypeError[0m: can only concatenate str (not "float") to str
TypeError: can only concatenate str (not "float") to str

